Arguments: 
  C:\Program Files\nodejs\node.exe C:\Users\Blackduck\AppData\Roaming\npm\node_modules\yarn\bin\yarn.js add expo

PATH: 
  C:\Python311\Scripts\;C:\Python311\;C:\WINDOWS\system32;C:\WINDOWS;C:\WINDOWS\System32\Wbem;C:\WINDOWS\System32\WindowsPowerShell\v1.0\;C:\WINDOWS\System32\OpenSSH\;C:\ProgramData\chocolatey\bin;C:\Program Files\nodejs\;C:\Program Files\Git\cmd;C:\Program Files\Microsoft SQL Server\150\Tools\Binn\;C:\Program Files\Microsoft SQL Server\Client SDK\ODBC\170\Tools\Binn\;C:\Program Files\dotnet\;C:\Users\Blackduck\AppData\Local\Microsoft\WindowsApps;C:\Users\Blackduck\AppData\Local\GitHubDesktop\bin;C:\Users\Blackduck\AppData\Local\Programs\Microsoft VS Code\bin;C:\Users\Blackduck\AppData\Roaming\npm;C:\Users\Blackduck\.dotnet\tools

Yarn version: 
  1.22.19

Node version: 
  18.16.0

Platform: 
  win32 x64

Trace: 
  Error: getaddrinfo ENOTFOUND registry.yarnpkg.com
      at GetAddrInfoReqWrap.onlookup [as oncomplete] (node:dns:107:26)

npm manifest: 
  {
    "dependencies": {
      "expo-linear-gradient": "^12.1.2",
      "react-native-gesture-handler": "^2.10.0",
      "react-native-reanimated-carousel": "^3.3.2",
      "react-native-tab-view": "^3.5.1"
    }
  }

yarn manifest: 
  No manifest

Lockfile: 
  No lockfile
